<?xml version="1.0" encoding="UTF-8"?>
<!-- Generated by org.testng.reporters.JUnitXMLReporter -->
<testsuite hostname="LAPTOP-VFM9P8ED" ignored="16" name="Test" tests="3" failures="1" timestamp="2020-11-22T16:19:39 IST" time="147.256" errors="0">
  <testcase name="validatePlaceOrder" time="13.085" classname="com.pgw.qa.testcases.HomePageTest"/>
  <testcase name="validatePlaceOrder" time="11.573" classname="com.pgw.qa.testcases.HomePageTest"/>
  <testcase name="validatePlaceOrder" time="60.387" classname="com.pgw.qa.testcases.HomePageTest">
    <failure type="org.openqa.selenium.NoSuchElementException" message="Cannot locate option with value: 10
For documentation on this error, please visit: https://selenium.dev/exceptions/#no_such_element
Build info: version: &amp;apos;4.0.0-alpha-4&amp;apos;, revision: &amp;apos;c2d955b49e&amp;apos;
System info: host: &amp;apos;LAPTOP-VFM9P8ED&amp;apos;, ip: &amp;apos;192.168.43.181&amp;apos;, os.name: &amp;apos;Windows 10&amp;apos;, os.arch: &amp;apos;amd64&amp;apos;, os.version: &amp;apos;10.0&amp;apos;, java.version: &amp;apos;1.8.0_211&amp;apos;
Driver info: driver.version: unknown">
      <![CDATA[org.openqa.selenium.NoSuchElementException: Cannot locate option with value: 10
For documentation on this error, please visit: https://selenium.dev/exceptions/#no_such_element
Build info: version: '4.0.0-alpha-4', revision: 'c2d955b49e'
System info: host: 'LAPTOP-VFM9P8ED', ip: '192.168.43.181', os.name: 'Windows 10', os.arch: 'amd64', os.version: '10.0', java.version: '1.8.0_211'
Driver info: driver.version: unknown
at org.openqa.selenium.support.ui.Select.findOptionsByValue(Select.java:284)
at org.openqa.selenium.support.ui.Select.selectByValue(Select.java:187)
at com.pgw.qa.pages.HomePage.placeOrder(HomePage.java:80)
at com.pgw.qa.testcases.HomePageTest.validatePlaceOrder(HomePageTest.java:72)
at java.util.ArrayList.forEach(ArrayList.java:1257)
... Removed 27 stack frames]]>
    </failure>
  </testcase> <!-- validatePlaceOrder -->
  <testcase name="productNameTest" time="0.0" classname="com.pgw.qa.testcases.HomePageTest">
    <ignored/>
  </testcase> <!-- productNameTest -->
  <testcase name="quantityTest" time="0.0" classname="com.pgw.qa.testcases.HomePageTest">
    <ignored/>
  </testcase> <!-- quantityTest -->
  <testcase name="paymentLableTest" time="0.0" classname="com.pgw.qa.testcases.PaymentProcessPageTest">
    <ignored/>
  </testcase> <!-- paymentLableTest -->
  <testcase name="paymentProcessTest" time="0.0" classname="com.pgw.qa.testcases.PaymentProcessPageTest">
    <ignored/>
  </testcase> <!-- paymentProcessTest -->
  <testcase name="productCatalogueTest" time="0.0" classname="com.pgw.qa.testcases.HomePageTest">
    <ignored/>
  </testcase> <!-- productCatalogueTest -->
  <testcase name="appLogoTest" time="0.0" classname="com.pgw.qa.testcases.HomePageTest">
    <ignored/>
  </testcase> <!-- appLogoTest -->
  <testcase name="orderIdVisibleTest" time="0.0" classname="com.pgw.qa.testcases.OrderIdPageTest">
    <ignored/>
  </testcase> <!-- orderIdVisibleTest -->
  <testcase name="priceTagTest" time="0.0" classname="com.pgw.qa.testcases.PaymentProcessPageTest">
    <ignored/>
  </testcase> <!-- priceTagTest -->
  <testcase name="buyButtonTest" time="0.0" classname="com.pgw.qa.testcases.HomePageTest">
    <ignored/>
  </testcase> <!-- buyButtonTest -->
  <testcase name="ppTitleTest" time="0.0" classname="com.pgw.qa.testcases.PaymentProcessPageTest">
    <ignored/>
  </testcase> <!-- ppTitleTest -->
  <testcase name="productPriceTest" time="0.0" classname="com.pgw.qa.testcases.HomePageTest">
    <ignored/>
  </testcase> <!-- productPriceTest -->
  <testcase name="verifyOrderIdTest" time="0.0" classname="com.pgw.qa.testcases.OrderIdPageTest">
    <ignored/>
  </testcase> <!-- verifyOrderIdTest -->
  <testcase name="backtoHome" time="0.0" classname="com.pgw.qa.testcases.OrderIdPageTest">
    <ignored/>
  </testcase> <!-- backtoHome -->
  <testcase name="homePageTitleTest" time="0.0" classname="com.pgw.qa.testcases.HomePageTest">
    <ignored/>
  </testcase> <!-- homePageTitleTest -->
  <testcase name="pgwLogoTest" time="0.0" classname="com.pgw.qa.testcases.HomePageTest">
    <ignored/>
  </testcase> <!-- pgwLogoTest -->
  <testcase name="successMsgTest" time="0.0" classname="com.pgw.qa.testcases.OrderIdPageTest">
    <ignored/>
  </testcase> <!-- successMsgTest -->
</testsuite> <!-- Test -->
