<!DOCTYPE html PUBLIC "-//W3C//DTD XHTML 1.1//EN" "http://www.w3.org/TR/xhtml11/DTD/xhtml11.dtd">
<html xmlns="http://www.w3.org/1999/xhtml">
<head>
<meta http-equiv="content-type" content="text/html; charset=UTF-8"/>
<title>TestNG Report</title>
<style type="text/css">table {margin-bottom:10px;border-collapse:collapse;empty-cells:show}th,td {border:1px solid #009;padding:.25em .5em}th {vertical-align:bottom}td {vertical-align:top}table a {font-weight:bold}.stripe td {background-color: #E6EBF9}.num {text-align:right}.passedodd td {background-color: #3F3}.passedeven td {background-color: #0A0}.skippedodd td {background-color: #DDD}.skippedeven td {background-color: #CCC}.failedodd td,.attn {background-color: #F33}.failedeven td,.stripe .attn {background-color: #D00}.stacktrace {white-space:pre;font-family:monospace}.totop {font-size:85%;text-align:center;border-bottom:2px solid #000}.invisible {display:none}</style>
</head>
<body>
<table>
<tr><th>Test</th><th># Passed</th><th># Skipped</th><th># Failed</th><th>Time (ms)</th><th>Included Groups</th><th>Excluded Groups</th></tr>
<tr><th colspan="7">Suite</th></tr>
<tr><td><a href="#t0">Test1</a></td><td class="num">8</td><td class="num">0</td><td class="num">0</td><td class="num">144,854</td><td></td><td></td></tr>
<tr class="stripe"><td><a href="#t1">Test2</a></td><td class="num">3</td><td class="num">0</td><td class="num attn">1</td><td class="num">54,096</td><td></td><td></td></tr>
<tr><td><a href="#t2">Test3</a></td><td class="num">0</td><td class="num attn">3</td><td class="num">0</td><td class="num">54</td><td></td><td></td></tr>
<tr><th>Total</th><th class="num">11</th><th class="num attn">3</th><th class="num attn">1</th><th class="num">199,004</th><th colspan="2"></th></tr>
</table>
<table id='summary'><thead><tr><th>Class</th><th>Method</th><th>Start</th><th>Time (ms)</th></tr></thead><tbody><tr><th colspan="4">Suite</th></tr></tbody><tbody id="t0"><tr><th colspan="4">Test1 &#8212; passed</th></tr><tr class="passedeven"><td rowspan="8">com.pgw.qa.testcases.HomePageTest</td><td><a href="#m0">appLogoTest</a></td><td rowspan="1">1606281183059</td><td rowspan="1">932</td></tr><tr class="passedeven"><td><a href="#m1">homePageTitleTest</a></td><td rowspan="1">1606281169009</td><td rowspan="1">62</td></tr><tr class="passedeven"><td><a href="#m2">pgwLogoTest</a></td><td rowspan="1">1606281196040</td><td rowspan="1">74</td></tr><tr class="passedeven"><td><a href="#m3">productCatalogueTest</a></td><td rowspan="1">1606281225509</td><td rowspan="1">72</td></tr><tr class="passedeven"><td><a href="#m4">productNameTest</a></td><td rowspan="1">1606281208956</td><td rowspan="1">171</td></tr><tr class="passedeven"><td><a href="#m5">productPriceTest</a></td><td rowspan="1">1606281237524</td><td rowspan="1">61</td></tr><tr class="passedeven"><td><a href="#m6">quantityTest</a></td><td rowspan="1">1606281251604</td><td rowspan="1">3706</td></tr><tr class="passedeven"><td><a href="#m7">validatePlaceOrder</a></td><td rowspan="1">1606281146100</td><td rowspan="1">7759</td></tr></tbody>
<tbody id="t1"><tr><th colspan="4">Test2 &#8212; failed</th></tr><tr class="failedeven"><td rowspan="1">com.pgw.qa.testcases.PaymentProcessPageTest</td><td><a href="#m8">paymentProcessTest</a></td><td rowspan="1">1606281311592</td><td rowspan="1">0</td></tr><tr><th colspan="4">Test2 &#8212; passed</th></tr><tr class="passedeven"><td rowspan="3">com.pgw.qa.testcases.PaymentProcessPageTest</td><td><a href="#m9">paymentLableTest</a></td><td rowspan="1">1606281290735</td><td rowspan="1">723</td></tr><tr class="passedeven"><td><a href="#m10">ppTitleTest</a></td><td rowspan="1">1606281273245</td><td rowspan="1">3381</td></tr><tr class="passedeven"><td><a href="#m11">priceTagTest</a></td><td rowspan="1">1606281306504</td><td rowspan="1">3825</td></tr></tbody>
<tbody id="t2"><tr><th colspan="4">Test3 &#8212; failed (configuration methods)</th></tr><tr class="failedeven"><td rowspan="3">com.pgw.qa.testcases.OrderIdPageTest</td><td><a href="#m12">setUp</a></td><td rowspan="3">1606281312019</td><td rowspan="3">0</td></tr><tr class="failedeven"><td><a href="#m13">setUp</a></td></tr><tr class="failedeven"><td><a href="#m14">setUp</a></td></tr><tr><th colspan="4">Test3 &#8212; skipped</th></tr><tr class="skippedeven"><td rowspan="3">com.pgw.qa.testcases.OrderIdPageTest</td><td><a href="#m15">backtoHome</a></td><td rowspan="1">1606281312061</td><td rowspan="1">0</td></tr><tr class="skippedeven"><td><a href="#m16">orderIdVisibleTest</a></td><td rowspan="1">1606281312047</td><td rowspan="1">0</td></tr><tr class="skippedeven"><td><a href="#m17">successMsgTest</a></td><td rowspan="1">1606281312027</td><td rowspan="1">0</td></tr></tbody>
</table>
<h2>Test1</h2><h3 id="m0">com.pgw.qa.testcases.HomePageTest#appLogoTest</h3><table class="result"><tr><th class="invisible"/></tr></table><p class="totop"><a href="#summary">back to summary</a></p>
<h3 id="m1">com.pgw.qa.testcases.HomePageTest#homePageTitleTest</h3><table class="result"><tr><th class="invisible"/></tr></table><p class="totop"><a href="#summary">back to summary</a></p>
<h3 id="m2">com.pgw.qa.testcases.HomePageTest#pgwLogoTest</h3><table class="result"><tr><th class="invisible"/></tr></table><p class="totop"><a href="#summary">back to summary</a></p>
<h3 id="m3">com.pgw.qa.testcases.HomePageTest#productCatalogueTest</h3><table class="result"><tr><th class="invisible"/></tr></table><p class="totop"><a href="#summary">back to summary</a></p>
<h3 id="m4">com.pgw.qa.testcases.HomePageTest#productNameTest</h3><table class="result"><tr><th class="invisible"/></tr></table><p class="totop"><a href="#summary">back to summary</a></p>
<h3 id="m5">com.pgw.qa.testcases.HomePageTest#productPriceTest</h3><table class="result"><tr><th class="invisible"/></tr></table><p class="totop"><a href="#summary">back to summary</a></p>
<h3 id="m6">com.pgw.qa.testcases.HomePageTest#quantityTest</h3><table class="result"><tr><th class="invisible"/></tr></table><p class="totop"><a href="#summary">back to summary</a></p>
<h3 id="m7">com.pgw.qa.testcases.HomePageTest#validatePlaceOrder</h3><table class="result"><tr class="param"><th>Parameter #1</th><th>Parameter #2</th><th>Parameter #3</th></tr><tr class="param stripe"><td>5</td><td>1234567897418523</td><td>235</td></tr></table><p class="totop"><a href="#summary">back to summary</a></p>
<h2>Test2</h2><h3 id="m8">com.pgw.qa.testcases.PaymentProcessPageTest#paymentProcessTest</h3><table class="result"><tr><th>Exception</th></tr><tr><td><div class="stacktrace">org.testng.TestNGException: 
Cannot inject @Test annotated Method [paymentProcessTest] with [class java.lang.String, class java.lang.String, class java.lang.String].
For more information on native dependency injection please refer to http://testng.org/doc/documentation-main.html#native-dependency-injection
... Removed 28 stack frames</div></td></tr></table><p class="totop"><a href="#summary">back to summary</a></p>
<h3 id="m9">com.pgw.qa.testcases.PaymentProcessPageTest#paymentLableTest</h3><table class="result"><tr><th class="invisible"/></tr></table><p class="totop"><a href="#summary">back to summary</a></p>
<h3 id="m10">com.pgw.qa.testcases.PaymentProcessPageTest#ppTitleTest</h3><table class="result"><tr><th class="invisible"/></tr></table><p class="totop"><a href="#summary">back to summary</a></p>
<h3 id="m11">com.pgw.qa.testcases.PaymentProcessPageTest#priceTagTest</h3><table class="result"><tr><th class="invisible"/></tr></table><p class="totop"><a href="#summary">back to summary</a></p>
<h2>Test3</h2><h3 id="m12">com.pgw.qa.testcases.OrderIdPageTest#setUp</h3><table class="result"><tr><th>Exception</th></tr><tr><td><div class="stacktrace">org.testng.TestNGException: 
Can inject only one of &lt;ITestContext, XmlTest, Method, Object[], ITestResult&gt; into a @BeforeMethod annotated setUp.
For more information on native dependency injection please refer to http://testng.org/doc/documentation-main.html#native-dependency-injection
... Removed 29 stack frames</div></td></tr></table><p class="totop"><a href="#summary">back to summary</a></p>
<h3 id="m13">com.pgw.qa.testcases.OrderIdPageTest#setUp</h3><table class="result"><tr><th>Exception</th></tr><tr><td><div class="stacktrace">org.testng.TestNGException: 
Can inject only one of &lt;ITestContext, XmlTest, Method, Object[], ITestResult&gt; into a @BeforeMethod annotated setUp.
For more information on native dependency injection please refer to http://testng.org/doc/documentation-main.html#native-dependency-injection
... Removed 29 stack frames</div></td></tr></table><p class="totop"><a href="#summary">back to summary</a></p>
<h3 id="m14">com.pgw.qa.testcases.OrderIdPageTest#setUp</h3><table class="result"><tr><th>Exception</th></tr><tr><td><div class="stacktrace">org.testng.TestNGException: 
Can inject only one of &lt;ITestContext, XmlTest, Method, Object[], ITestResult&gt; into a @BeforeMethod annotated setUp.
For more information on native dependency injection please refer to http://testng.org/doc/documentation-main.html#native-dependency-injection
... Removed 29 stack frames</div></td></tr></table><p class="totop"><a href="#summary">back to summary</a></p>
<h3 id="m15">com.pgw.qa.testcases.OrderIdPageTest#backtoHome</h3><table class="result"><tr><th>Exception</th></tr><tr><td><div class="stacktrace">org.testng.TestNGException: 
Can inject only one of &lt;ITestContext, XmlTest, Method, Object[], ITestResult&gt; into a @BeforeMethod annotated setUp.
For more information on native dependency injection please refer to http://testng.org/doc/documentation-main.html#native-dependency-injection
... Removed 29 stack frames</div></td></tr></table><p class="totop"><a href="#summary">back to summary</a></p>
<h3 id="m16">com.pgw.qa.testcases.OrderIdPageTest#orderIdVisibleTest</h3><table class="result"><tr><th>Exception</th></tr><tr><td><div class="stacktrace">org.testng.TestNGException: 
Can inject only one of &lt;ITestContext, XmlTest, Method, Object[], ITestResult&gt; into a @BeforeMethod annotated setUp.
For more information on native dependency injection please refer to http://testng.org/doc/documentation-main.html#native-dependency-injection
... Removed 29 stack frames</div></td></tr></table><p class="totop"><a href="#summary">back to summary</a></p>
<h3 id="m17">com.pgw.qa.testcases.OrderIdPageTest#successMsgTest</h3><table class="result"><tr><th>Exception</th></tr><tr><td><div class="stacktrace">org.testng.TestNGException: 
Can inject only one of &lt;ITestContext, XmlTest, Method, Object[], ITestResult&gt; into a @BeforeMethod annotated setUp.
For more information on native dependency injection please refer to http://testng.org/doc/documentation-main.html#native-dependency-injection
... Removed 29 stack frames</div></td></tr></table><p class="totop"><a href="#summary">back to summary</a></p>
</body>
</html>
